<?xml version="1.0" encoding="UTF-8"?>
<!-- Generated by org.testng.reporters.JUnitReportReporter -->
<testsuite hostname="Admin" failures="0" tests="1" name="testPackForAllMethod.GetAllWorkspacesUsingHdr" time="8.468" errors="0" timestamp="2023-07-03T21:38:38 IST" skipped="0">
  <testcase classname="testPackForAllMethod.GetAllWorkspacesUsingHdr" name="getAllWorkspacesWithUsingHDR" time="8.468"/>
  <system-out/>
</testsuite> <!-- testPackForAllMethod.GetAllWorkspacesUsingHdr -->
