<?xml version="1.0" encoding="UTF-8"?>
<!-- Generated by org.testng.reporters.JUnitReportReporter -->
<testsuite hostname="Admin" failures="0" tests="1" name="testPackForAllMethod.PutMethod" time="5.225" errors="0" timestamp="2023-06-26T10:16:19 IST" skipped="0">
  <testcase classname="testPackForAllMethod.PutMethod" name="chnageWrokspaceNameUsingPut" time="5.225"/>
  <system-out/>
</testsuite> <!-- testPackForAllMethod.PutMethod -->
