<?xml version="1.0" encoding="UTF-8"?>
<!-- Generated by org.testng.reporters.JUnitReportReporter -->
<testsuite hostname="Admin" failures="0" tests="1" name="scerilizationDescerilization.CreateUser" time="5.071" errors="0" timestamp="2023-07-05T09:12:18 IST" skipped="0">
  <testcase classname="scerilizationDescerilization.CreateUser" name="createUserWithDeatils" time="5.071"/>
  <system-out/>
</testsuite> <!-- scerilizationDescerilization.CreateUser -->
