<?xml version="1.0" encoding="UTF-8"?>
<!-- Generated by org.testng.reporters.JUnitReportReporter -->
<testsuite hostname="Admin" failures="0" tests="1" name="testPackForAllMethod.PostMethod" time="6.856" errors="0" timestamp="2023-06-25T23:44:01 IST" skipped="0">
  <testcase classname="testPackForAllMethod.PostMethod" name="createWorkspaseUsingPostMethod" time="6.856"/>
  <system-out/>
</testsuite> <!-- testPackForAllMethod.PostMethod -->
