<?xml version="1.0" encoding="UTF-8"?>
<!-- Generated by org.testng.reporters.JUnitReportReporter -->
<testsuite hostname="Admin" failures="0" tests="3" name="testPackForAllMethod.HeadMethod" time="8.694" errors="0" timestamp="2023-06-26T22:35:34 IST" skipped="0">
  <testcase classname="testPackForAllMethod.HeadMethod" name="headMethodtocheckHearersValue" time="1.790"/>
  <system-out/>
  <testcase classname="testPackForAllMethod.HeadMethod" name="getHeaderValueByUsingName" time="5.237"/>
  <system-out/>
  <testcase classname="testPackForAllMethod.HeadMethod" name="headMethodtocheckHearerValue" time="1.667"/>
  <system-out/>
</testsuite> <!-- testPackForAllMethod.HeadMethod -->
