<?xml version="1.0" encoding="UTF-8"?>
<!-- Generated by org.testng.reporters.JUnitReportReporter -->
<testsuite hostname="Admin" failures="0" tests="1" name="dataHandling.fatchDataUsinIndex" time="26.792" errors="0" timestamp="2023-06-27T23:03:21 IST" skipped="0">
  <testcase classname="dataHandling.fatchDataUsinIndex" name="getMethod" time="26.792"/>
  <system-out/>
</testsuite> <!-- dataHandling.fatchDataUsinIndex -->
