<?xml version="1.0" encoding="UTF-8"?>
<!-- Generated by org.testng.reporters.JUnitReportReporter -->
<testsuite hostname="Admin" failures="0" tests="1" name="testPackForAllMethod.GetMethodBase" time="9.138" errors="0" timestamp="2023-07-03T21:35:13 IST" skipped="0">
  <testcase classname="testPackForAllMethod.GetMethodBase" name="getMethod" time="9.138"/>
  <system-out/>
</testsuite> <!-- testPackForAllMethod.GetMethodBase -->
