<?xml version="1.0" encoding="UTF-8"?>
<!-- Generated by org.testng.reporters.JUnitReportReporter -->
<testsuite hostname="Admin" failures="0" tests="1" name="AssertionForValidation.BaseAssert" time="5.976" errors="0" timestamp="2023-06-28T22:40:52 IST" skipped="0">
  <testcase classname="AssertionForValidation.BaseAssert" name="getAllWorkspacesWithUsingHDR" time="5.976"/>
  <system-out/>
</testsuite> <!-- AssertionForValidation.BaseAssert -->
