<?xml version="1.0" encoding="UTF-8"?>
<!-- Generated by org.testng.reporters.JUnitReportReporter -->
<testsuite hostname="Admin" failures="0" tests="2" name="dataHandling.createAndValidate" time="7.962" errors="0" timestamp="2023-06-27T22:13:40 IST" skipped="0">
  <testcase classname="dataHandling.createAndValidate" name="getUserDeatilsAndVerifyID" time="1.781"/>
  <system-out/>
  <testcase classname="dataHandling.createAndValidate" name="createUser" time="6.181"/>
  <system-out/>
</testsuite> <!-- dataHandling.createAndValidate -->
