<?xml version="1.0" encoding="UTF-8"?>
<!-- Generated by org.testng.reporters.JUnitReportReporter -->
<testsuite hostname="Admin" failures="0" tests="1" name="testPackForAllMethod.DeleteMethod" time="4.710" errors="0" timestamp="2023-07-03T21:39:37 IST" skipped="0">
  <testcase classname="testPackForAllMethod.DeleteMethod" name="deleteWorkspaceUsingDeleteMethod" time="4.710"/>
  <system-out/>
</testsuite> <!-- testPackForAllMethod.DeleteMethod -->
